<?xml version="1.0" encoding="UTF-8"?>
<testsuite xmlns:xsi="http://www.w3.org/2001/XMLSchema-instance" xsi:noNamespaceSchemaLocation="https://maven.apache.org/surefire/maven-surefire-plugin/xsd/surefire-test-report-3.0.xsd" version="3.0" name="ui.tests.LoginTest" time="21.673" tests="4" errors="0" skipped="0" failures="0">
  <properties>
[...]
</properties>
  <testcase name="testLoginViaHomePageButton" classname="ui.tests.LoginTest" time="8.888">
    <system-out><![CDATA[Selected browser: yandex
Attempting Yandex WebDriver setup...
Set webdriver.chrome.driver for Yandex: E:\Programs\YandexDriver-25.2.6-stable\yandexdriver.exe
YandexDriver (ChromeDriver with options) started successfully.
WebDriver configured and maximized.
Test user created successfully via API: axXMnjfrDO@test.com
User deletion attempted. Status code: 202
WebDriver quit.
]]></system-out>
    <system-err><![CDATA[апр. 27, 2025 2:47:00 PM org.openqa.selenium.devtools.CdpVersionFinder findNearestMatch
WARNING: Unable to find CDP implementation matching 132
апр. 27, 2025 2:47:00 PM org.openqa.selenium.chromium.ChromiumDriver lambda$new$5
WARNING: Unable to find version of CDP to use for 132.0.6834.697. You may need to include a dependency on a specific version of the CDP using something similar to `org.seleniumhq.selenium:selenium-devtools-v86:4.15.0` where the version ("v86") matches the version of the chromium-based browser you're using and the version number of the artifact is the same as Selenium's.
]]></system-err>
  </testcase>
  <testcase name="testLoginViaHeaderLink" classname="ui.tests.LoginTest" time="4.4">
    <system-out><![CDATA[Selected browser: yandex
Attempting Yandex WebDriver setup...
Set webdriver.chrome.driver for Yandex: E:\Programs\YandexDriver-25.2.6-stable\yandexdriver.exe
YandexDriver (ChromeDriver with options) started successfully.
WebDriver configured and maximized.
Test user created successfully via API: L02RGUsc7U@test.com
User deletion attempted. Status code: 202
WebDriver quit.
]]></system-out>
    <system-err><![CDATA[апр. 27, 2025 2:47:08 PM org.openqa.selenium.devtools.CdpVersionFinder findNearestMatch
WARNING: Unable to find CDP implementation matching 132
апр. 27, 2025 2:47:08 PM org.openqa.selenium.chromium.ChromiumDriver lambda$new$5
WARNING: Unable to find version of CDP to use for 132.0.6834.697. You may need to include a dependency on a specific version of the CDP using something similar to `org.seleniumhq.selenium:selenium-devtools-v86:4.15.0` where the version ("v86") matches the version of the chromium-based browser you're using and the version number of the artifact is the same as Selenium's.
]]></system-err>
  </testcase>
  <testcase name="testLoginViaForgotPasswordPageLink" classname="ui.tests.LoginTest" time="4.03">
    <system-out><![CDATA[Selected browser: yandex
Attempting Yandex WebDriver setup...
Set webdriver.chrome.driver for Yandex: E:\Programs\YandexDriver-25.2.6-stable\yandexdriver.exe
YandexDriver (ChromeDriver with options) started successfully.
WebDriver configured and maximized.
Test user created successfully via API: FEmYC2y8kz@test.com
User deletion attempted. Status code: 202
WebDriver quit.
]]></system-out>
    <system-err><![CDATA[апр. 27, 2025 2:47:13 PM org.openqa.selenium.devtools.CdpVersionFinder findNearestMatch
WARNING: Unable to find CDP implementation matching 132
апр. 27, 2025 2:47:13 PM org.openqa.selenium.chromium.ChromiumDriver lambda$new$5
WARNING: Unable to find version of CDP to use for 132.0.6834.697. You may need to include a dependency on a specific version of the CDP using something similar to `org.seleniumhq.selenium:selenium-devtools-v86:4.15.0` where the version ("v86") matches the version of the chromium-based browser you're using and the version number of the artifact is the same as Selenium's.
]]></system-err>
  </testcase>
  <testcase name="testLoginViaRegisterPageLink" classname="ui.tests.LoginTest" time="4.349">
    <system-out><![CDATA[Selected browser: yandex
Attempting Yandex WebDriver setup...
Set webdriver.chrome.driver for Yandex: E:\Programs\YandexDriver-25.2.6-stable\yandexdriver.exe
YandexDriver (ChromeDriver with options) started successfully.
WebDriver configured and maximized.
Test user created successfully via API: GU0hCK0mBi@test.com
User deletion attempted. Status code: 202
WebDriver quit.
]]></system-out>
    <system-err><![CDATA[апр. 27, 2025 2:47:17 PM org.openqa.selenium.devtools.CdpVersionFinder findNearestMatch
WARNING: Unable to find CDP implementation matching 132
апр. 27, 2025 2:47:17 PM org.openqa.selenium.chromium.ChromiumDriver lambda$new$5
WARNING: Unable to find version of CDP to use for 132.0.6834.697. You may need to include a dependency on a specific version of the CDP using something similar to `org.seleniumhq.selenium:selenium-devtools-v86:4.15.0` where the version ("v86") matches the version of the chromium-based browser you're using and the version number of the artifact is the same as Selenium's.
]]></system-err>
  </testcase>
</testsuite>